2020-03-03 09:41:19,863 INFO [restartedMain] c.n.c.CommunityApplication [StartupInfoLogger.java:55] Starting CommunityApplication on DESKTOP-UFSB57F with PID 16060 (D:\IDEA\community\target\classes started by wangs in D:\IDEA\community)
2020-03-03 09:41:19,864 INFO [restartedMain] c.n.c.CommunityApplication [SpringApplication.java:651] No active profile set, falling back to default profiles: default
2020-03-03 09:41:20,221 INFO [restartedMain] o.s.b.w.e.t.TomcatWebServer [TomcatWebServer.java:92] Tomcat initialized with port(s): 8080 (http)
2020-03-03 09:41:20,223 INFO [restartedMain] o.a.c.c.StandardService [DirectJDKLog.java:173] Starting service [Tomcat]
2020-03-03 09:41:20,224 INFO [restartedMain] o.a.c.c.StandardEngine [DirectJDKLog.java:173] Starting Servlet engine: [Apache Tomcat/9.0.31]
2020-03-03 09:41:20,263 INFO [restartedMain] o.a.c.c.C.[.[.[/community] [DirectJDKLog.java:173] Initializing Spring embedded WebApplicationContext
2020-03-03 09:41:20,265 INFO [restartedMain] o.s.w.c.ContextLoader [ServletWebServerApplicationContext.java:284] Root WebApplicationContext: initialization completed in 398 ms
2020-03-03 09:41:20,475 INFO [restartedMain] o.s.s.c.ThreadPoolTaskExecutor [ExecutorConfigurationSupport.java:181] Initializing ExecutorService 'applicationTaskExecutor'
2020-03-03 09:41:20,505 INFO [restartedMain] o.s.b.a.w.s.WelcomePageHandlerMapping [WelcomePageHandlerMapping.java:58] Adding welcome page template: index
2020-03-03 09:41:20,611 INFO [restartedMain] o.s.b.d.a.OptionalLiveReloadServer [OptionalLiveReloadServer.java:58] LiveReload server is running on port 35729
2020-03-03 09:41:20,641 INFO [restartedMain] o.s.b.w.e.t.TomcatWebServer [TomcatWebServer.java:204] Tomcat started on port(s): 8080 (http) with context path '/community'
2020-03-03 09:41:20,641 INFO [restartedMain] c.n.c.CommunityApplication [StartupInfoLogger.java:61] Started CommunityApplication in 0.869 seconds (JVM running for 443.981)
2020-03-03 09:41:20,644 INFO [restartedMain] o.s.b.d.a.ConditionEvaluationDeltaLoggingListener [ConditionEvaluationDeltaLoggingListener.java:63] Condition evaluation unchanged
2020-03-03 09:41:20,933 INFO [main] c.n.c.LoggerTests [StartupInfoLogger.java:55] Starting LoggerTests on DESKTOP-UFSB57F with PID 28048 (started by wangs in D:\IDEA\community)
2020-03-03 09:41:20,942 INFO [main] c.n.c.LoggerTests [SpringApplication.java:651] No active profile set, falling back to default profiles: default
2020-03-03 09:41:23,342 INFO [main] o.s.s.c.ThreadPoolTaskExecutor [ExecutorConfigurationSupport.java:181] Initializing ExecutorService 'applicationTaskExecutor'
2020-03-03 09:41:23,485 INFO [main] o.s.b.a.w.s.WelcomePageHandlerMapping [WelcomePageHandlerMapping.java:58] Adding welcome page template: index
2020-03-03 09:41:23,916 INFO [main] c.n.c.LoggerTests [StartupInfoLogger.java:61] Started LoggerTests in 3.707 seconds (JVM running for 4.994)
2020-03-03 09:41:24,396 INFO [main] c.n.c.LoggerTests [LoggerTests.java:22] info log
2020-03-03 09:41:24,411 INFO [SpringContextShutdownHook] o.s.s.c.ThreadPoolTaskExecutor [ExecutorConfigurationSupport.java:218] Shutting down ExecutorService 'applicationTaskExecutor'
2020-03-03 09:41:50,200 INFO [main] c.n.c.LoggerTests [StartupInfoLogger.java:55] Starting LoggerTests on DESKTOP-UFSB57F with PID 6696 (started by wangs in D:\IDEA\community)
2020-03-03 09:41:50,204 INFO [main] c.n.c.LoggerTests [SpringApplication.java:651] No active profile set, falling back to default profiles: default
2020-03-03 09:41:52,440 INFO [main] o.s.s.c.ThreadPoolTaskExecutor [ExecutorConfigurationSupport.java:181] Initializing ExecutorService 'applicationTaskExecutor'
2020-03-03 09:41:52,603 INFO [main] o.s.b.a.w.s.WelcomePageHandlerMapping [WelcomePageHandlerMapping.java:58] Adding welcome page template: index
2020-03-03 09:41:52,980 INFO [main] c.n.c.LoggerTests [StartupInfoLogger.java:61] Started LoggerTests in 3.513 seconds (JVM running for 4.57)
2020-03-03 09:41:53,453 INFO [main] c.n.c.LoggerTests [LoggerTests.java:22] info log
2020-03-03 09:41:53,470 INFO [SpringContextShutdownHook] o.s.s.c.ThreadPoolTaskExecutor [ExecutorConfigurationSupport.java:218] Shutting down ExecutorService 'applicationTaskExecutor'
2020-03-03 09:43:00,052 INFO [Thread-13] o.s.s.c.ThreadPoolTaskExecutor [ExecutorConfigurationSupport.java:218] Shutting down ExecutorService 'applicationTaskExecutor'
